<?xml version="1.0" encoding="UTF-8"?>
<!-- Generated by org.testng.reporters.JUnitReportReporter -->
<testsuite hostname="TianaGrace" failures="0" tests="2" name="testCases.ProductPageTest" time="50.022" errors="0" timestamp="2022-09-28T11:24:22 IST" skipped="0">
  <testcase classname="testCases.ProductPageTest" name="verifyproductName" time="23.848"/>
  <system-out/>
  <testcase classname="testCases.ProductPageTest" name="verifyAddToCart" time="26.174"/>
  <system-out/>
</testsuite> <!-- testCases.ProductPageTest -->
