<?xml version="1.0" encoding="UTF-8"?>
<!-- Generated by org.testng.reporters.JUnitReportReporter -->
<testsuite hostname="TianaGrace" failures="0" tests="1" name="testCases.CartPageTest" time="15.529" errors="0" timestamp="2022-09-28T11:24:22 IST" skipped="0">
  <testcase classname="testCases.CartPageTest" name="verifyProduct" time="15.529"/>
  <system-out/>
</testsuite> <!-- testCases.CartPageTest -->
