<?xml version="1.0" encoding="UTF-8"?>
<!-- Generated by org.testng.reporters.JUnitReportReporter -->
<testsuite hostname="TianaGrace" failures="0" tests="1" name="testCases.LoginPageTest" time="1.450" errors="0" timestamp="2022-09-28T11:24:22 IST" skipped="0">
  <testcase classname="testCases.LoginPageTest" name="loginTest" time="1.450"/>
  <system-out/>
</testsuite> <!-- testCases.LoginPageTest -->
