<?xml version="1.0" encoding="UTF-8"?>
<!-- Generated by org.testng.reporters.JUnitReportReporter -->
<testsuite hostname="TianaGrace" failures="0" tests="1" name="testCases.HomePageTest" time="6.546" errors="0" timestamp="2022-09-28T11:24:22 IST" skipped="0">
  <testcase classname="testCases.HomePageTest" name="verifyselectProduct" time="6.546"/>
  <system-out/>
</testsuite> <!-- testCases.HomePageTest -->
